<?xml version="1.0" encoding="UTF-8"?>
<!-- Generated by org.testng.reporters.JUnitReportReporter -->
<testsuite hostname="LAPTOP-C3VNM881" failures="0" tests="5" name="tests.LoginTest" time="22.380" errors="0" timestamp="2026-03-02T11:14:39 IST" skipped="0">
  <testcase classname="tests.LoginTest" name="loginTest" time="3.652"/>
  <testcase classname="tests.LoginTest" name="loginTest" time="3.615"/>
  <testcase classname="tests.LoginTest" name="loginTest" time="7.418"/>
  <testcase classname="tests.LoginTest" name="loginTest" time="3.949"/>
  <testcase classname="tests.LoginTest" name="loginTest" time="3.746"/>
</testsuite> <!-- tests.LoginTest -->
