<?xml version="1.0" encoding="UTF-8"?>
<testng-results ignored="0" total="5" passed="5" failed="0" skipped="0">
  <reporter-output>
  </reporter-output>
  <suite started-at="2026-03-02T11:14:16 IST" name="Login Suite" finished-at="2026-03-02T11:14:39 IST" duration-ms="22491">
    <groups>
    </groups>
    <test started-at="2026-03-02T11:14:16 IST" name="Login Test" finished-at="2026-03-02T11:14:39 IST" duration-ms="22491">
      <class name="tests.LoginTest">
        <test-method is-config="true" signature="beforeClass()[pri:0, instance:tests.LoginTest@5fe94a96]" started-at="2026-03-02T11:14:16 IST" name="beforeClass" finished-at="2026-03-02T11:14:16 IST" duration-ms="14" status="PASS">
          <reporter-output>
          </reporter-output>
        </test-method> <!-- beforeClass -->
        <test-method is-config="true" signature="setup()[pri:0, instance:tests.LoginTest@5fe94a96]" started-at="2026-03-02T11:14:17 IST" name="setup" finished-at="2026-03-02T11:14:23 IST" duration-ms="6102" status="PASS">
          <reporter-output>
          </reporter-output>
        </test-method> <!-- setup -->
        <test-method signature="loginTest(java.lang.String,java.lang.String,java.lang.String)[pri:0, instance:tests.LoginTest@5fe94a96]" started-at="2026-03-02T11:14:23 IST" name="loginTest" data-provider="sauceLoginData" finished-at="2026-03-02T11:14:24 IST" duration-ms="1078" status="PASS">
          <params>
            <param index="0">
              <value>
                <![CDATA[standard_user]]>
              </value>
            </param>
            <param index="1">
              <value>
                <![CDATA[secret_sauce]]>
              </value>
            </param>
            <param index="2">
              <value>
                <![CDATA[success]]>
              </value>
            </param>
          </params>
          <reporter-output>
          </reporter-output>
        </test-method> <!-- loginTest -->
        <test-method is-config="true" signature="tearDown()[pri:0, instance:tests.LoginTest@5fe94a96]" started-at="2026-03-02T11:14:24 IST" name="tearDown" finished-at="2026-03-02T11:14:24 IST" duration-ms="416" status="PASS">
          <reporter-output>
          </reporter-output>
        </test-method> <!-- tearDown -->
        <test-method is-config="true" signature="setup()[pri:0, instance:tests.LoginTest@5fe94a96]" started-at="2026-03-02T11:14:24 IST" name="setup" finished-at="2026-03-02T11:14:26 IST" duration-ms="2247" status="PASS">
          <reporter-output>
          </reporter-output>
        </test-method> <!-- setup -->
        <test-method signature="loginTest(java.lang.String,java.lang.String,java.lang.String)[pri:0, instance:tests.LoginTest@5fe94a96]" started-at="2026-03-02T11:14:26 IST" name="loginTest" data-provider="sauceLoginData" finished-at="2026-03-02T11:14:27 IST" duration-ms="980" status="PASS">
          <params>
            <param index="0">
              <value>
                <![CDATA[standard_user]]>
              </value>
            </param>
            <param index="1">
              <value>
                <![CDATA[wrong_pass]]>
              </value>
            </param>
            <param index="2">
              <value>
                <![CDATA[error]]>
              </value>
            </param>
          </params>
          <reporter-output>
          </reporter-output>
        </test-method> <!-- loginTest -->
        <test-method is-config="true" signature="tearDown()[pri:0, instance:tests.LoginTest@5fe94a96]" started-at="2026-03-02T11:14:27 IST" name="tearDown" finished-at="2026-03-02T11:14:28 IST" duration-ms="416" status="PASS">
          <reporter-output>
          </reporter-output>
        </test-method> <!-- tearDown -->
        <test-method is-config="true" signature="setup()[pri:0, instance:tests.LoginTest@5fe94a96]" started-at="2026-03-02T11:14:28 IST" name="setup" finished-at="2026-03-02T11:14:30 IST" duration-ms="2530" status="PASS">
          <reporter-output>
          </reporter-output>
        </test-method> <!-- setup -->
        <test-method signature="loginTest(java.lang.String,java.lang.String,java.lang.String)[pri:0, instance:tests.LoginTest@5fe94a96]" started-at="2026-03-02T11:14:30 IST" name="loginTest" data-provider="sauceLoginData" finished-at="2026-03-02T11:14:31 IST" duration-ms="1014" status="PASS">
          <params>
            <param index="0">
              <value>
                <![CDATA[wrong_user]]>
              </value>
            </param>
            <param index="1">
              <value>
                <![CDATA[secret_sauce]]>
              </value>
            </param>
            <param index="2">
              <value>
                <![CDATA[error]]>
              </value>
            </param>
          </params>
          <reporter-output>
          </reporter-output>
        </test-method> <!-- loginTest -->
        <test-method is-config="true" signature="tearDown()[pri:0, instance:tests.LoginTest@5fe94a96]" started-at="2026-03-02T11:14:31 IST" name="tearDown" finished-at="2026-03-02T11:14:32 IST" duration-ms="421" status="PASS">
          <reporter-output>
          </reporter-output>
        </test-method> <!-- tearDown -->
        <test-method is-config="true" signature="setup()[pri:0, instance:tests.LoginTest@5fe94a96]" started-at="2026-03-02T11:14:32 IST" name="setup" finished-at="2026-03-02T11:14:34 IST" duration-ms="2271" status="PASS">
          <reporter-output>
          </reporter-output>
        </test-method> <!-- setup -->
        <test-method signature="loginTest(java.lang.String,java.lang.String,java.lang.String)[pri:0, instance:tests.LoginTest@5fe94a96]" started-at="2026-03-02T11:14:34 IST" name="loginTest" data-provider="sauceLoginData" finished-at="2026-03-02T11:14:35 IST" duration-ms="969" status="PASS">
          <params>
            <param index="0">
              <value>
                <![CDATA[]]>
              </value>
            </param>
            <param index="1">
              <value>
                <![CDATA[]]>
              </value>
            </param>
            <param index="2">
              <value>
                <![CDATA[validation]]>
              </value>
            </param>
          </params>
          <reporter-output>
          </reporter-output>
        </test-method> <!-- loginTest -->
        <test-method is-config="true" signature="tearDown()[pri:0, instance:tests.LoginTest@5fe94a96]" started-at="2026-03-02T11:14:35 IST" name="tearDown" finished-at="2026-03-02T11:14:35 IST" duration-ms="347" status="PASS">
          <reporter-output>
          </reporter-output>
        </test-method> <!-- tearDown -->
        <test-method is-config="true" signature="setup()[pri:0, instance:tests.LoginTest@5fe94a96]" started-at="2026-03-02T11:14:35 IST" name="setup" finished-at="2026-03-02T11:14:38 IST" duration-ms="2256" status="PASS">
          <reporter-output>
          </reporter-output>
        </test-method> <!-- setup -->
        <test-method signature="loginTest(java.lang.String,java.lang.String,java.lang.String)[pri:0, instance:tests.LoginTest@5fe94a96]" started-at="2026-03-02T11:14:38 IST" name="loginTest" data-provider="sauceLoginData" finished-at="2026-03-02T11:14:39 IST" duration-ms="1003" status="PASS">
          <params>
            <param index="0">
              <value>
                <![CDATA[locked_out_user]]>
              </value>
            </param>
            <param index="1">
              <value>
                <![CDATA[secret_sauce]]>
              </value>
            </param>
            <param index="2">
              <value>
                <![CDATA[locked]]>
              </value>
            </param>
          </params>
          <reporter-output>
          </reporter-output>
        </test-method> <!-- loginTest -->
        <test-method is-config="true" signature="tearDown()[pri:0, instance:tests.LoginTest@5fe94a96]" started-at="2026-03-02T11:14:39 IST" name="tearDown" finished-at="2026-03-02T11:14:39 IST" duration-ms="330" status="PASS">
          <reporter-output>
          </reporter-output>
        </test-method> <!-- tearDown -->
        <test-method is-config="true" signature="afterClass()[pri:0, instance:tests.LoginTest@5fe94a96]" started-at="2026-03-02T11:14:39 IST" name="afterClass" finished-at="2026-03-02T11:14:39 IST" duration-ms="0" status="PASS">
          <reporter-output>
          </reporter-output>
        </test-method> <!-- afterClass -->
      </class> <!-- tests.LoginTest -->
    </test> <!-- Login Test -->
  </suite> <!-- Login Suite -->
</testng-results>
