<?xml version="1.0" encoding="UTF-8"?>
<!-- Generated by org.testng.reporters.JUnitXMLReporter -->
<testsuite ignored="0" hostname="LAPTOP-C3VNM881" failures="0" tests="5" name="Default test" time="16.444" errors="0" timestamp="2026-02-27T17:06:28 IST">
  <testcase classname="tests.LoginTest" name="loginTest" time="0.918"/>
  <testcase classname="tests.LoginTest" name="loginTest" time="0.647"/>
  <testcase classname="tests.LoginTest" name="loginTest" time="0.73"/>
  <testcase classname="tests.LoginTest" name="loginTest" time="0.686"/>
  <testcase classname="tests.LoginTest" name="loginTest" time="0.736"/>
</testsuite> <!-- Default test -->
