<?xml version="1.0" encoding="UTF-8"?>
<!-- Generated by org.testng.reporters.JUnitXMLReporter -->
<testsuite ignored="0" hostname="LAPTOP-C3VNM881" failures="0" tests="5" name="Login Test" time="22.491" errors="0" timestamp="2026-03-02T11:14:39 IST">
  <testcase classname="tests.LoginTest" name="loginTest" time="1.078"/>
  <testcase classname="tests.LoginTest" name="loginTest" time="0.98"/>
  <testcase classname="tests.LoginTest" name="loginTest" time="1.014"/>
  <testcase classname="tests.LoginTest" name="loginTest" time="0.969"/>
  <testcase classname="tests.LoginTest" name="loginTest" time="1.003"/>
</testsuite> <!-- Login Test -->
